2018-10-30 08:32:36.318 [main] INFO  o.s.t.c.s.DefaultTestContextBootstrapper [259] - Loaded default TestExecutionListener class names from location [META-INF/spring.factories]: [org.springframework.test.context.web.ServletTestExecutionListener, org.springframework.test.context.support.DirtiesContextBeforeModesTestExecutionListener, org.springframework.test.context.support.DependencyInjectionTestExecutionListener, org.springframework.test.context.support.DirtiesContextTestExecutionListener, org.springframework.test.context.transaction.TransactionalTestExecutionListener, org.springframework.test.context.jdbc.SqlScriptsTestExecutionListener]
2018-10-30 08:32:36.339 [main] INFO  o.s.t.c.s.DefaultTestContextBootstrapper [185] - Using TestExecutionListeners: [org.springframework.test.context.web.ServletTestExecutionListener@954b04f, org.springframework.test.context.support.DirtiesContextBeforeModesTestExecutionListener@149494d8, org.springframework.test.context.support.DependencyInjectionTestExecutionListener@710726a3, org.springframework.test.context.support.DirtiesContextTestExecutionListener@646007f4, org.springframework.test.context.transaction.TransactionalTestExecutionListener@481a15ff, org.springframework.test.context.jdbc.SqlScriptsTestExecutionListener@78186a70]
2018-10-30 08:32:36.448 [main] INFO  o.s.b.f.xml.XmlBeanDefinitionReader [317] - Loading XML bean definitions from URL [file:E:/红客资料/AppCenter17/app.center/src/main/resources/context-app.xml]
2018-10-30 08:32:36.935 [main] INFO  o.s.b.f.xml.XmlBeanDefinitionReader [317] - Loading XML bean definitions from URL [file:E:/红客资料/AppCenter17/app.center/src/main/resources/context-data.xml]
2018-10-30 08:32:39.233 [main] INFO  o.s.c.s.GenericApplicationContext [573] - Refreshing org.springframework.context.support.GenericApplicationContext@76b10754: startup date [Tue Oct 30 08:32:39 CST 2018]; root of context hierarchy
2018-10-30 08:32:39.747 [main] INFO  o.s.c.s.PropertySourcesPlaceholderConfigurer [172] - Loading properties file from file [E:\红客资料\AppCenter17\app.center\target\classes\app-cms.properties]
2018-10-30 08:32:39.748 [main] INFO  o.s.c.s.PropertySourcesPlaceholderConfigurer [172] - Loading properties file from file [E:\红客资料\AppCenter17\app.center\target\classes\app-config.properties]
2018-10-30 08:32:39.748 [main] INFO  o.s.c.s.PropertySourcesPlaceholderConfigurer [172] - Loading properties file from file [E:\红客资料\AppCenter17\app.center\target\classes\app-data.properties]
2018-10-30 08:32:39.748 [main] INFO  o.s.c.s.PropertySourcesPlaceholderConfigurer [172] - Loading properties file from file [E:\红客资料\AppCenter17\app.center\target\classes\app-im.properties]
2018-10-30 08:32:39.749 [main] INFO  o.s.c.s.PropertySourcesPlaceholderConfigurer [172] - Loading properties file from file [E:\红客资料\AppCenter17\app.center\target\classes\app-mq.properties]
2018-10-30 08:32:39.749 [main] INFO  o.s.c.s.PropertySourcesPlaceholderConfigurer [172] - Loading properties file from file [E:\红客资料\AppCenter17\app.center\target\classes\app-vars.properties]
2018-10-30 08:32:39.749 [main] INFO  o.s.c.s.PropertySourcesPlaceholderConfigurer [172] - Loading properties file from file [E:\红客资料\AppCenter17\app.cms\target\classes\app-cms.properties]
2018-10-30 08:32:39.749 [main] INFO  o.s.c.s.PropertySourcesPlaceholderConfigurer [172] - Loading properties file from file [E:\红客资料\AppCenter17\app.push\target\classes\app-push.properties]
2018-10-30 08:32:39.749 [main] INFO  o.s.c.s.PropertySourcesPlaceholderConfigurer [172] - Loading properties file from file [E:\红客资料\AppCenter17\app.api\target\classes\app-api.properties]
2018-10-30 08:32:39.768 [main] INFO  o.s.b.f.a.AutowiredAnnotationBeanPostProcessor [153] - JSR-330 'javax.inject.Inject' annotation found and supported for autowiring
2018-10-30 08:32:39.816 [main] INFO  o.s.s.c.ThreadPoolTaskScheduler [165] - Initializing ExecutorService  'schedulerPool'
2018-10-30 08:32:39.817 [main] INFO  o.s.c.s.PostProcessorRegistrationDelegate$BeanPostProcessorChecker [328] - Bean 'schedulerPool' of type [class org.springframework.scheduling.concurrent.ThreadPoolTaskScheduler] is not eligible for getting processed by all BeanPostProcessors (for example: not eligible for auto-proxying)
2018-10-30 08:32:40.568 [main] INFO  o.s.o.j.LocalContainerEntityManagerFactoryBean [339] - Building JPA container EntityManagerFactory for persistence unit 'default'
2018-10-30 08:32:43.393 [main] INFO  o.s.o.j.LocalContainerEntityManagerFactoryBean [462] - Closing JPA EntityManagerFactory for persistence unit 'default'
2018-10-30 08:32:43.397 [main] INFO  o.s.s.c.ThreadPoolTaskScheduler [203] - Shutting down ExecutorService 'schedulerPool'
2018-10-30 08:50:04.909 [main] INFO  o.s.t.c.s.DefaultTestContextBootstrapper [259] - Loaded default TestExecutionListener class names from location [META-INF/spring.factories]: [org.springframework.test.context.web.ServletTestExecutionListener, org.springframework.test.context.support.DirtiesContextBeforeModesTestExecutionListener, org.springframework.test.context.support.DependencyInjectionTestExecutionListener, org.springframework.test.context.support.DirtiesContextTestExecutionListener, org.springframework.test.context.transaction.TransactionalTestExecutionListener, org.springframework.test.context.jdbc.SqlScriptsTestExecutionListener]
2018-10-30 08:50:04.927 [main] INFO  o.s.t.c.s.DefaultTestContextBootstrapper [185] - Using TestExecutionListeners: [org.springframework.test.context.web.ServletTestExecutionListener@954b04f, org.springframework.test.context.support.DirtiesContextBeforeModesTestExecutionListener@149494d8, org.springframework.test.context.support.DependencyInjectionTestExecutionListener@710726a3, org.springframework.test.context.support.DirtiesContextTestExecutionListener@646007f4, org.springframework.test.context.transaction.TransactionalTestExecutionListener@481a15ff, org.springframework.test.context.jdbc.SqlScriptsTestExecutionListener@78186a70]
2018-10-30 08:50:05.051 [main] INFO  o.s.b.f.xml.XmlBeanDefinitionReader [317] - Loading XML bean definitions from URL [file:E:/红客资料/AppCenter17/app.center/src/main/resources/context-app.xml]
2018-10-30 08:50:05.522 [main] INFO  o.s.b.f.xml.XmlBeanDefinitionReader [317] - Loading XML bean definitions from URL [file:E:/红客资料/AppCenter17/app.center/src/main/resources/context-data.xml]
2018-10-30 08:50:07.874 [main] INFO  o.s.b.f.xml.XmlBeanDefinitionReader [317] - Loading XML bean definitions from URL [file:E:/红客资料/AppCenter17/app.center/src/main/resources/context-nosql.xml]
2018-10-30 08:50:08.252 [main] INFO  o.s.b.f.xml.XmlBeanDefinitionReader [317] - Loading XML bean definitions from URL [file:E:/红客资料/AppCenter17/app.center/src/main/resources/context-jooq.xml]
2018-10-30 08:50:08.270 [main] INFO  o.s.b.f.xml.XmlBeanDefinitionReader [317] - Loading XML bean definitions from URL [file:E:/红客资料/AppCenter17/app.center/src/main/resources/context-shiro.xml]
2018-10-30 08:50:08.283 [main] INFO  o.s.c.s.GenericApplicationContext [573] - Refreshing org.springframework.context.support.GenericApplicationContext@76b10754: startup date [Tue Oct 30 08:50:08 CST 2018]; root of context hierarchy
2018-10-30 08:50:08.981 [main] INFO  o.s.c.s.PropertySourcesPlaceholderConfigurer [172] - Loading properties file from file [E:\红客资料\AppCenter17\app.center\target\classes\app-cms.properties]
2018-10-30 08:50:08.981 [main] INFO  o.s.c.s.PropertySourcesPlaceholderConfigurer [172] - Loading properties file from file [E:\红客资料\AppCenter17\app.center\target\classes\app-config.properties]
2018-10-30 08:50:08.981 [main] INFO  o.s.c.s.PropertySourcesPlaceholderConfigurer [172] - Loading properties file from file [E:\红客资料\AppCenter17\app.center\target\classes\app-data.properties]
2018-10-30 08:50:08.981 [main] INFO  o.s.c.s.PropertySourcesPlaceholderConfigurer [172] - Loading properties file from file [E:\红客资料\AppCenter17\app.center\target\classes\app-im.properties]
2018-10-30 08:50:08.981 [main] INFO  o.s.c.s.PropertySourcesPlaceholderConfigurer [172] - Loading properties file from file [E:\红客资料\AppCenter17\app.center\target\classes\app-mq.properties]
2018-10-30 08:50:08.981 [main] INFO  o.s.c.s.PropertySourcesPlaceholderConfigurer [172] - Loading properties file from file [E:\红客资料\AppCenter17\app.center\target\classes\app-vars.properties]
2018-10-30 08:50:08.982 [main] INFO  o.s.c.s.PropertySourcesPlaceholderConfigurer [172] - Loading properties file from file [E:\红客资料\AppCenter17\app.cms\target\classes\app-cms.properties]
2018-10-30 08:50:08.982 [main] INFO  o.s.c.s.PropertySourcesPlaceholderConfigurer [172] - Loading properties file from file [E:\红客资料\AppCenter17\app.push\target\classes\app-push.properties]
2018-10-30 08:50:08.982 [main] INFO  o.s.c.s.PropertySourcesPlaceholderConfigurer [172] - Loading properties file from file [E:\红客资料\AppCenter17\app.api\target\classes\app-api.properties]
2018-10-30 08:50:09.010 [main] INFO  o.s.b.f.a.AutowiredAnnotationBeanPostProcessor [153] - JSR-330 'javax.inject.Inject' annotation found and supported for autowiring
2018-10-30 08:50:09.063 [main] INFO  o.s.s.c.ThreadPoolTaskScheduler [165] - Initializing ExecutorService  'schedulerPool'
2018-10-30 08:50:09.064 [main] INFO  o.s.c.s.PostProcessorRegistrationDelegate$BeanPostProcessorChecker [328] - Bean 'schedulerPool' of type [class org.springframework.scheduling.concurrent.ThreadPoolTaskScheduler] is not eligible for getting processed by all BeanPostProcessors (for example: not eligible for auto-proxying)
2018-10-30 08:50:09.097 [main] INFO  o.s.c.s.PostProcessorRegistrationDelegate$BeanPostProcessorChecker [328] - Bean 'org.springframework.aop.support.DefaultBeanFactoryPointcutAdvisor#0' of type [class org.springframework.aop.support.DefaultBeanFactoryPointcutAdvisor] is not eligible for getting processed by all BeanPostProcessors (for example: not eligible for auto-proxying)
2018-10-30 08:50:09.342 [main] INFO  o.s.c.s.PostProcessorRegistrationDelegate$BeanPostProcessorChecker [328] - Bean '(inner bean)#5bcb04cb' of type [class org.springframework.beans.factory.config.PropertiesFactoryBean] is not eligible for getting processed by all BeanPostProcessors (for example: not eligible for auto-proxying)
2018-10-30 08:50:09.343 [main] INFO  o.s.c.s.PostProcessorRegistrationDelegate$BeanPostProcessorChecker [328] - Bean '(inner bean)#5bcb04cb' of type [class java.util.Properties] is not eligible for getting processed by all BeanPostProcessors (for example: not eligible for auto-proxying)
2018-10-30 08:50:09.352 [main] INFO  o.s.c.s.PostProcessorRegistrationDelegate$BeanPostProcessorChecker [328] - Bean '(inner bean)#6482eef' of type [class org.springframework.data.repository.core.support.PropertiesBasedNamedQueries] is not eligible for getting processed by all BeanPostProcessors (for example: not eligible for auto-proxying)
2018-10-30 08:50:09.358 [main] INFO  o.s.c.s.PostProcessorRegistrationDelegate$BeanPostProcessorChecker [328] - Bean '(inner bean)#7048535f' of type [class org.springframework.data.repository.query.ExtensionAwareEvaluationContextProvider] is not eligible for getting processed by all BeanPostProcessors (for example: not eligible for auto-proxying)
2018-10-30 08:50:09.675 [main] INFO  o.s.c.s.PostProcessorRegistrationDelegate$BeanPostProcessorChecker [328] - Bean 'dataSource' of type [class com.alibaba.druid.pool.DruidDataSource] is not eligible for getting processed by all BeanPostProcessors (for example: not eligible for auto-proxying)
2018-10-30 08:50:09.707 [main] INFO  o.s.c.s.PostProcessorRegistrationDelegate$BeanPostProcessorChecker [328] - Bean 'org.springframework.orm.jpa.vendor.HibernateJpaVendorAdapter#33fe57a9' of type [class org.springframework.orm.jpa.vendor.HibernateJpaVendorAdapter] is not eligible for getting processed by all BeanPostProcessors (for example: not eligible for auto-proxying)
2018-10-30 08:50:09.776 [main] INFO  o.s.o.j.LocalContainerEntityManagerFactoryBean [339] - Building JPA container EntityManagerFactory for persistence unit 'default'
2018-10-30 08:50:11.527 [main] INFO  o.s.c.s.PostProcessorRegistrationDelegate$BeanPostProcessorChecker [328] - Bean 'entityManagerFactory' of type [class org.springframework.orm.jpa.LocalContainerEntityManagerFactoryBean] is not eligible for getting processed by all BeanPostProcessors (for example: not eligible for auto-proxying)
2018-10-30 08:50:11.529 [main] INFO  o.s.c.s.PostProcessorRegistrationDelegate$BeanPostProcessorChecker [328] - Bean 'entityManagerFactory' of type [class com.sun.proxy.$Proxy68] is not eligible for getting processed by all BeanPostProcessors (for example: not eligible for auto-proxying)
2018-10-30 08:50:11.542 [main] INFO  o.s.c.s.PostProcessorRegistrationDelegate$BeanPostProcessorChecker [328] - Bean '(inner bean)#21618fa7' of type [class com.sun.proxy.$Proxy70] is not eligible for getting processed by all BeanPostProcessors (for example: not eligible for auto-proxying)
2018-10-30 08:50:11.873 [main] INFO  o.s.c.s.PostProcessorRegistrationDelegate$BeanPostProcessorChecker [328] - Bean 'jpaMappingContext' of type [class org.springframework.data.jpa.repository.config.JpaMetamodelMappingContextFactoryBean] is not eligible for getting processed by all BeanPostProcessors (for example: not eligible for auto-proxying)
2018-10-30 08:50:11.873 [main] INFO  o.s.c.s.PostProcessorRegistrationDelegate$BeanPostProcessorChecker [328] - Bean 'jpaMappingContext' of type [class org.springframework.data.jpa.mapping.JpaMetamodelMappingContext] is not eligible for getting processed by all BeanPostProcessors (for example: not eligible for auto-proxying)
2018-10-30 08:50:12.077 [main] INFO  o.s.c.s.PostProcessorRegistrationDelegate$BeanPostProcessorChecker [328] - Bean 'sysUserRepository' of type [class org.springframework.data.jpa.repository.support.JpaRepositoryFactoryBean] is not eligible for getting processed by all BeanPostProcessors (for example: not eligible for auto-proxying)
2018-10-30 08:50:12.079 [main] INFO  o.s.c.s.PostProcessorRegistrationDelegate$BeanPostProcessorChecker [328] - Bean 'sysUserRepository' of type [class com.sun.proxy.$Proxy74] is not eligible for getting processed by all BeanPostProcessors (for example: not eligible for auto-proxying)
2018-10-30 08:50:12.091 [main] INFO  o.s.c.s.PostProcessorRegistrationDelegate$BeanPostProcessorChecker [328] - Bean '(inner bean)#5f35370b' of type [class org.springframework.beans.factory.config.PropertiesFactoryBean] is not eligible for getting processed by all BeanPostProcessors (for example: not eligible for auto-proxying)
2018-10-30 08:50:12.092 [main] INFO  o.s.c.s.PostProcessorRegistrationDelegate$BeanPostProcessorChecker [328] - Bean '(inner bean)#5f35370b' of type [class java.util.Properties] is not eligible for getting processed by all BeanPostProcessors (for example: not eligible for auto-proxying)
2018-10-30 08:50:12.093 [main] INFO  o.s.c.s.PostProcessorRegistrationDelegate$BeanPostProcessorChecker [328] - Bean '(inner bean)#7845ee8a' of type [class org.springframework.data.repository.core.support.PropertiesBasedNamedQueries] is not eligible for getting processed by all BeanPostProcessors (for example: not eligible for auto-proxying)
2018-10-30 08:50:12.095 [main] INFO  o.s.c.s.PostProcessorRegistrationDelegate$BeanPostProcessorChecker [328] - Bean '(inner bean)#7030b74c' of type [class org.springframework.data.repository.query.ExtensionAwareEvaluationContextProvider] is not eligible for getting processed by all BeanPostProcessors (for example: not eligible for auto-proxying)
2018-10-30 08:50:12.098 [main] INFO  o.s.c.s.PostProcessorRegistrationDelegate$BeanPostProcessorChecker [328] - Bean '(inner bean)#27d6267e' of type [class com.sun.proxy.$Proxy70] is not eligible for getting processed by all BeanPostProcessors (for example: not eligible for auto-proxying)
2018-10-30 08:50:12.117 [main] INFO  o.s.c.s.PostProcessorRegistrationDelegate$BeanPostProcessorChecker [328] - Bean 'sysRoleRepository' of type [class org.springframework.data.jpa.repository.support.JpaRepositoryFactoryBean] is not eligible for getting processed by all BeanPostProcessors (for example: not eligible for auto-proxying)
2018-10-30 08:50:12.118 [main] INFO  o.s.c.s.PostProcessorRegistrationDelegate$BeanPostProcessorChecker [328] - Bean 'sysRoleRepository' of type [class com.sun.proxy.$Proxy77] is not eligible for getting processed by all BeanPostProcessors (for example: not eligible for auto-proxying)
2018-10-30 08:50:12.125 [main] INFO  o.s.c.s.PostProcessorRegistrationDelegate$BeanPostProcessorChecker [328] - Bean '(inner bean)#323eecf8' of type [class org.springframework.beans.factory.config.PropertiesFactoryBean] is not eligible for getting processed by all BeanPostProcessors (for example: not eligible for auto-proxying)
2018-10-30 08:50:12.126 [main] INFO  o.s.c.s.PostProcessorRegistrationDelegate$BeanPostProcessorChecker [328] - Bean '(inner bean)#323eecf8' of type [class java.util.Properties] is not eligible for getting processed by all BeanPostProcessors (for example: not eligible for auto-proxying)
2018-10-30 08:50:12.127 [main] INFO  o.s.c.s.PostProcessorRegistrationDelegate$BeanPostProcessorChecker [328] - Bean '(inner bean)#7f5e9949' of type [class org.springframework.data.repository.core.support.PropertiesBasedNamedQueries] is not eligible for getting processed by all BeanPostProcessors (for example: not eligible for auto-proxying)
2018-10-30 08:50:12.128 [main] INFO  o.s.c.s.PostProcessorRegistrationDelegate$BeanPostProcessorChecker [328] - Bean '(inner bean)#6e355249' of type [class org.springframework.data.repository.query.ExtensionAwareEvaluationContextProvider] is not eligible for getting processed by all BeanPostProcessors (for example: not eligible for auto-proxying)
2018-10-30 08:50:12.130 [main] INFO  o.s.c.s.PostProcessorRegistrationDelegate$BeanPostProcessorChecker [328] - Bean '(inner bean)#652a1a17' of type [class com.sun.proxy.$Proxy70] is not eligible for getting processed by all BeanPostProcessors (for example: not eligible for auto-proxying)
2018-10-30 08:50:12.145 [main] INFO  o.s.c.s.PostProcessorRegistrationDelegate$BeanPostProcessorChecker [328] - Bean 'sysConfigRepository' of type [class org.springframework.data.jpa.repository.support.JpaRepositoryFactoryBean] is not eligible for getting processed by all BeanPostProcessors (for example: not eligible for auto-proxying)
2018-10-30 08:50:12.146 [main] INFO  o.s.c.s.PostProcessorRegistrationDelegate$BeanPostProcessorChecker [328] - Bean 'sysConfigRepository' of type [class com.sun.proxy.$Proxy79] is not eligible for getting processed by all BeanPostProcessors (for example: not eligible for auto-proxying)
2018-10-30 08:50:12.153 [main] INFO  o.s.c.s.PostProcessorRegistrationDelegate$BeanPostProcessorChecker [328] - Bean '(inner bean)#11ee671f' of type [class org.springframework.beans.factory.config.PropertiesFactoryBean] is not eligible for getting processed by all BeanPostProcessors (for example: not eligible for auto-proxying)
2018-10-30 08:50:12.154 [main] INFO  o.s.c.s.PostProcessorRegistrationDelegate$BeanPostProcessorChecker [328] - Bean '(inner bean)#11ee671f' of type [class java.util.Properties] is not eligible for getting processed by all BeanPostProcessors (for example: not eligible for auto-proxying)
2018-10-30 08:50:12.155 [main] INFO  o.s.c.s.PostProcessorRegistrationDelegate$BeanPostProcessorChecker [328] - Bean '(inner bean)#7474196' of type [class org.springframework.data.repository.core.support.PropertiesBasedNamedQueries] is not eligible for getting processed by all BeanPostProcessors (for example: not eligible for auto-proxying)
2018-10-30 08:50:12.157 [main] INFO  o.s.c.s.PostProcessorRegistrationDelegate$BeanPostProcessorChecker [328] - Bean '(inner bean)#57df09a7' of type [class org.springframework.data.repository.query.ExtensionAwareEvaluationContextProvider] is not eligible for getting processed by all BeanPostProcessors (for example: not eligible for auto-proxying)
2018-10-30 08:50:12.160 [main] INFO  o.s.c.s.PostProcessorRegistrationDelegate$BeanPostProcessorChecker [328] - Bean '(inner bean)#6aa9a93b' of type [class com.sun.proxy.$Proxy70] is not eligible for getting processed by all BeanPostProcessors (for example: not eligible for auto-proxying)
2018-10-30 08:50:12.188 [main] INFO  o.s.c.s.PostProcessorRegistrationDelegate$BeanPostProcessorChecker [328] - Bean 'sysMenuRepository' of type [class org.springframework.data.jpa.repository.support.JpaRepositoryFactoryBean] is not eligible for getting processed by all BeanPostProcessors (for example: not eligible for auto-proxying)
2018-10-30 08:50:12.188 [main] INFO  o.s.c.s.PostProcessorRegistrationDelegate$BeanPostProcessorChecker [328] - Bean 'sysMenuRepository' of type [class com.sun.proxy.$Proxy80] is not eligible for getting processed by all BeanPostProcessors (for example: not eligible for auto-proxying)
2018-10-30 08:50:12.197 [main] INFO  o.s.c.s.PostProcessorRegistrationDelegate$BeanPostProcessorChecker [328] - Bean '(inner bean)#17dbca0a' of type [class org.springframework.beans.factory.config.PropertiesFactoryBean] is not eligible for getting processed by all BeanPostProcessors (for example: not eligible for auto-proxying)
2018-10-30 08:50:12.198 [main] INFO  o.s.c.s.PostProcessorRegistrationDelegate$BeanPostProcessorChecker [328] - Bean '(inner bean)#17dbca0a' of type [class java.util.Properties] is not eligible for getting processed by all BeanPostProcessors (for example: not eligible for auto-proxying)
2018-10-30 08:50:12.199 [main] INFO  o.s.c.s.PostProcessorRegistrationDelegate$BeanPostProcessorChecker [328] - Bean '(inner bean)#4af606e9' of type [class org.springframework.data.repository.core.support.PropertiesBasedNamedQueries] is not eligible for getting processed by all BeanPostProcessors (for example: not eligible for auto-proxying)
2018-10-30 08:50:12.200 [main] INFO  o.s.c.s.PostProcessorRegistrationDelegate$BeanPostProcessorChecker [328] - Bean '(inner bean)#6f67ece5' of type [class org.springframework.data.repository.query.ExtensionAwareEvaluationContextProvider] is not eligible for getting processed by all BeanPostProcessors (for example: not eligible for auto-proxying)
2018-10-30 08:50:12.396 [main] INFO  o.s.c.s.PostProcessorRegistrationDelegate$BeanPostProcessorChecker [328] - Bean 'mongo' of type [class org.springframework.data.mongodb.core.MongoFactoryBean] is not eligible for getting processed by all BeanPostProcessors (for example: not eligible for auto-proxying)
2018-10-30 08:50:12.399 [main] INFO  o.s.c.s.PostProcessorRegistrationDelegate$BeanPostProcessorChecker [328] - Bean 'mongo' of type [class com.mongodb.Mongo] is not eligible for getting processed by all BeanPostProcessors (for example: not eligible for auto-proxying)
2018-10-30 08:50:12.471 [main] INFO  o.s.c.s.PostProcessorRegistrationDelegate$BeanPostProcessorChecker [328] - Bean 'mongoTemplate' of type [class org.springframework.data.mongodb.core.MongoTemplate] is not eligible for getting processed by all BeanPostProcessors (for example: not eligible for auto-proxying)
2018-10-30 08:50:12.504 [main] INFO  o.s.c.s.PostProcessorRegistrationDelegate$BeanPostProcessorChecker [328] - Bean 'sysLogRepository' of type [class org.springframework.data.mongodb.repository.support.MongoRepositoryFactoryBean] is not eligible for getting processed by all BeanPostProcessors (for example: not eligible for auto-proxying)
2018-10-30 08:50:12.506 [main] INFO  o.s.c.s.PostProcessorRegistrationDelegate$BeanPostProcessorChecker [328] - Bean 'sysLogRepository' of type [class com.sun.proxy.$Proxy86] is not eligible for getting processed by all BeanPostProcessors (for example: not eligible for auto-proxying)
2018-10-30 08:50:12.513 [main] INFO  o.s.c.s.PostProcessorRegistrationDelegate$BeanPostProcessorChecker [328] - Bean '(inner bean)#17034458' of type [class org.springframework.beans.factory.config.PropertiesFactoryBean] is not eligible for getting processed by all BeanPostProcessors (for example: not eligible for auto-proxying)
2018-10-30 08:50:12.515 [main] INFO  o.s.c.s.PostProcessorRegistrationDelegate$BeanPostProcessorChecker [328] - Bean '(inner bean)#17034458' of type [class java.util.Properties] is not eligible for getting processed by all BeanPostProcessors (for example: not eligible for auto-proxying)
2018-10-30 08:50:12.516 [main] INFO  o.s.c.s.PostProcessorRegistrationDelegate$BeanPostProcessorChecker [328] - Bean '(inner bean)#52e92f6' of type [class org.springframework.data.repository.core.support.PropertiesBasedNamedQueries] is not eligible for getting processed by all BeanPostProcessors (for example: not eligible for auto-proxying)
2018-10-30 08:50:12.518 [main] INFO  o.s.c.s.PostProcessorRegistrationDelegate$BeanPostProcessorChecker [328] - Bean '(inner bean)#7df5549e' of type [class org.springframework.data.repository.query.ExtensionAwareEvaluationContextProvider] is not eligible for getting processed by all BeanPostProcessors (for example: not eligible for auto-proxying)
2018-10-30 08:50:12.521 [main] INFO  o.s.c.s.PostProcessorRegistrationDelegate$BeanPostProcessorChecker [328] - Bean '(inner bean)#cbdc0f4' of type [class com.sun.proxy.$Proxy70] is not eligible for getting processed by all BeanPostProcessors (for example: not eligible for auto-proxying)
2018-10-30 08:50:12.537 [main] INFO  o.s.c.s.PostProcessorRegistrationDelegate$BeanPostProcessorChecker [328] - Bean 'sysUserVCoinRepository' of type [class org.springframework.data.jpa.repository.support.JpaRepositoryFactoryBean] is not eligible for getting processed by all BeanPostProcessors (for example: not eligible for auto-proxying)
2018-10-30 08:50:12.538 [main] INFO  o.s.c.s.PostProcessorRegistrationDelegate$BeanPostProcessorChecker [328] - Bean 'sysUserVCoinRepository' of type [class com.sun.proxy.$Proxy87] is not eligible for getting processed by all BeanPostProcessors (for example: not eligible for auto-proxying)
2018-10-30 08:50:12.543 [main] INFO  o.s.c.s.PostProcessorRegistrationDelegate$BeanPostProcessorChecker [328] - Bean '(inner bean)#4eacb6d1' of type [class org.springframework.beans.factory.config.PropertiesFactoryBean] is not eligible for getting processed by all BeanPostProcessors (for example: not eligible for auto-proxying)
2018-10-30 08:50:12.543 [main] INFO  o.s.c.s.PostProcessorRegistrationDelegate$BeanPostProcessorChecker [328] - Bean '(inner bean)#4eacb6d1' of type [class java.util.Properties] is not eligible for getting processed by all BeanPostProcessors (for example: not eligible for auto-proxying)
2018-10-30 08:50:12.544 [main] INFO  o.s.c.s.PostProcessorRegistrationDelegate$BeanPostProcessorChecker [328] - Bean '(inner bean)#5810772a' of type [class org.springframework.data.repository.core.support.PropertiesBasedNamedQueries] is not eligible for getting processed by all BeanPostProcessors (for example: not eligible for auto-proxying)
2018-10-30 08:50:12.546 [main] INFO  o.s.c.s.PostProcessorRegistrationDelegate$BeanPostProcessorChecker [328] - Bean '(inner bean)#a926db4' of type [class org.springframework.data.repository.query.ExtensionAwareEvaluationContextProvider] is not eligible for getting processed by all BeanPostProcessors (for example: not eligible for auto-proxying)
2018-10-30 08:50:12.557 [main] INFO  o.s.c.s.PostProcessorRegistrationDelegate$BeanPostProcessorChecker [328] - Bean 'sysUserExtRepository' of type [class org.springframework.data.mongodb.repository.support.MongoRepositoryFactoryBean] is not eligible for getting processed by all BeanPostProcessors (for example: not eligible for auto-proxying)
2018-10-30 08:50:12.558 [main] INFO  o.s.c.s.PostProcessorRegistrationDelegate$BeanPostProcessorChecker [328] - Bean 'sysUserExtRepository' of type [class com.sun.proxy.$Proxy88] is not eligible for getting processed by all BeanPostProcessors (for example: not eligible for auto-proxying)
2018-10-30 08:50:12.565 [main] INFO  o.s.c.s.PostProcessorRegistrationDelegate$BeanPostProcessorChecker [328] - Bean 'sha1CredentialsDigest' of type [class cn.mooc.app.core.security.SHA1CredentialsDigest] is not eligible for getting processed by all BeanPostProcessors (for example: not eligible for auto-proxying)
2018-10-30 08:50:12.670 [main] INFO  o.s.c.s.PostProcessorRegistrationDelegate$BeanPostProcessorChecker [328] - Bean 'jedisConnectionFactory' of type [class org.springframework.data.redis.connection.jedis.JedisConnectionFactory] is not eligible for getting processed by all BeanPostProcessors (for example: not eligible for auto-proxying)
2018-10-30 08:50:12.675 [main] INFO  o.s.c.s.PostProcessorRegistrationDelegate$BeanPostProcessorChecker [328] - Bean 'org.springframework.data.redis.serializer.StringRedisSerializer#32cb636e' of type [class org.springframework.data.redis.serializer.StringRedisSerializer] is not eligible for getting processed by all BeanPostProcessors (for example: not eligible for auto-proxying)
2018-10-30 08:50:12.678 [main] INFO  o.s.c.s.PostProcessorRegistrationDelegate$BeanPostProcessorChecker [328] - Bean 'org.springframework.data.redis.serializer.JdkSerializationRedisSerializer#63cd604c' of type [class org.springframework.data.redis.serializer.JdkSerializationRedisSerializer] is not eligible for getting processed by all BeanPostProcessors (for example: not eligible for auto-proxying)
2018-10-30 08:50:12.680 [main] INFO  o.s.c.s.PostProcessorRegistrationDelegate$BeanPostProcessorChecker [328] - Bean 'redisTemplate' of type [class org.springframework.data.redis.core.RedisTemplate] is not eligible for getting processed by all BeanPostProcessors (for example: not eligible for auto-proxying)
2018-10-30 08:50:12.685 [main] INFO  o.s.c.s.PostProcessorRegistrationDelegate$BeanPostProcessorChecker [328] - Bean 'redisCacheService' of type [class cn.mooc.app.core.service.cache.RedisCacheService] is not eligible for getting processed by all BeanPostProcessors (for example: not eligible for auto-proxying)
2018-10-30 08:50:12.802 [main] INFO  o.s.c.s.PostProcessorRegistrationDelegate$BeanPostProcessorChecker [328] - Bean 'sysCacheService' of type [class cn.mooc.app.core.service.SysCacheService] is not eligible for getting processed by all BeanPostProcessors (for example: not eligible for auto-proxying)
2018-10-30 08:50:12.816 [main] INFO  o.s.c.s.PostProcessorRegistrationDelegate$BeanPostProcessorChecker [328] - Bean 'defaultSysContext' of type [class cn.mooc.app.core.context.DefaultSysContext] is not eligible for getting processed by all BeanPostProcessors (for example: not eligible for auto-proxying)
2018-10-30 08:50:12.819 [main] INFO  o.s.c.s.PostProcessorRegistrationDelegate$BeanPostProcessorChecker [328] - Bean 'sysDataService' of type [class cn.mooc.app.core.service.SysDataService] is not eligible for getting processed by all BeanPostProcessors (for example: not eligible for auto-proxying)
2018-10-30 08:50:12.825 [main] INFO  o.s.c.s.PostProcessorRegistrationDelegate$BeanPostProcessorChecker [328] - Bean 'dbShiroDataService' of type [class cn.mooc.app.core.web.shiro.auth.db.DbShiroDataService] is not eligible for getting processed by all BeanPostProcessors (for example: not eligible for auto-proxying)
2018-10-30 08:50:12.846 [main] INFO  o.s.c.s.PostProcessorRegistrationDelegate$BeanPostProcessorChecker [328] - Bean 'defaultEventRegistry' of type [class cn.mooc.app.core.event.DefaultEventRegistry] is not eligible for getting processed by all BeanPostProcessors (for example: not eligible for auto-proxying)
2018-10-30 08:50:12.849 [main] INFO  o.s.c.s.PostProcessorRegistrationDelegate$BeanPostProcessorChecker [328] - Bean 'syncEventDispatcher' of type [class cn.mooc.app.core.event.SyncEventDispatcher] is not eligible for getting processed by all BeanPostProcessors (for example: not eligible for auto-proxying)
2018-10-30 08:50:12.853 [main] INFO  o.s.c.s.PostProcessorRegistrationDelegate$BeanPostProcessorChecker [328] - Bean 'authFilterRegistry' of type [class cn.mooc.app.core.web.shiro.auth.filter.AuthFilterRegistry] is not eligible for getting processed by all BeanPostProcessors (for example: not eligible for auto-proxying)
2018-10-30 08:50:12.918 [main] INFO  o.s.c.s.PostProcessorRegistrationDelegate$BeanPostProcessorChecker [328] - Bean 'credentialsMatcher' of type [class cn.mooc.app.core.web.shiro.auth.matcher.NormalCredentialsMatcher] is not eligible for getting processed by all BeanPostProcessors (for example: not eligible for auto-proxying)
2018-10-30 08:50:12.920 [main] INFO  o.a.shiro.realm.AuthorizingRealm [248] - No cache or cacheManager properties have been set.  Authorization cache cannot be obtained.
2018-10-30 08:50:12.920 [main] INFO  o.s.c.s.PostProcessorRegistrationDelegate$BeanPostProcessorChecker [328] - Bean 'mWebAuthRealm' of type [class cn.mooc.app.core.web.shiro.auth.db.MWebDbAuthRealm] is not eligible for getting processed by all BeanPostProcessors (for example: not eligible for auto-proxying)
2018-10-30 08:50:12.923 [main] INFO  o.s.c.s.PostProcessorRegistrationDelegate$BeanPostProcessorChecker [328] - Bean 'securityManager' of type [class org.apache.shiro.web.mgt.DefaultWebSecurityManager] is not eligible for getting processed by all BeanPostProcessors (for example: not eligible for auto-proxying)
2018-10-30 08:50:12.949 [main] INFO  o.s.c.s.PostProcessorRegistrationDelegate$BeanPostProcessorChecker [328] - Bean 'mAuthenticationFilter' of type [class cn.mooc.app.core.web.shiro.auth.db.WebDbAuthenticationFilter] is not eligible for getting processed by all BeanPostProcessors (for example: not eligible for auto-proxying)
2018-10-30 08:50:12.956 [main] INFO  o.s.c.s.PostProcessorRegistrationDelegate$BeanPostProcessorChecker [328] - Bean 'uAuthenticationFilter' of type [class cn.mooc.app.core.web.shiro.auth.db.WebDbAuthenticationFilter] is not eligible for getting processed by all BeanPostProcessors (for example: not eligible for auto-proxying)
2018-10-30 08:50:12.965 [main] INFO  o.s.c.s.PostProcessorRegistrationDelegate$BeanPostProcessorChecker [328] - Bean 'ajaxAuthcFilter' of type [class cn.mooc.app.core.web.shiro.auth.db.AjaxAuthFilter] is not eligible for getting processed by all BeanPostProcessors (for example: not eligible for auto-proxying)
2018-10-30 08:50:12.975 [main] INFO  o.s.c.s.PostProcessorRegistrationDelegate$BeanPostProcessorChecker [328] - Bean 'dbRolesAuthorizationFilter' of type [class cn.mooc.app.core.web.shiro.auth.db.DbRolesAuthorizationFilter] is not eligible for getting processed by all BeanPostProcessors (for example: not eligible for auto-proxying)
2018-10-30 08:50:12.978 [main] INFO  o.s.c.s.PostProcessorRegistrationDelegate$BeanPostProcessorChecker [328] - Bean 'webRolesAuthorizationFilter' of type [class cn.mooc.app.core.web.shiro.auth.db.DbRolesAuthorizationFilter] is not eligible for getting processed by all BeanPostProcessors (for example: not eligible for auto-proxying)
2018-10-30 08:50:12.983 [main] INFO  o.s.c.s.PostProcessorRegistrationDelegate$BeanPostProcessorChecker [328] - Bean 'userFilter' of type [class cn.mooc.app.core.web.shiro.auth.db.AppUserFilter] is not eligible for getting processed by all BeanPostProcessors (for example: not eligible for auto-proxying)
2018-10-30 08:50:12.991 [main] INFO  o.s.c.s.PostProcessorRegistrationDelegate$BeanPostProcessorChecker [328] - Bean 'logoutFilter' of type [class cn.mooc.app.core.web.shiro.auth.db.WebLogoutFilter] is not eligible for getting processed by all BeanPostProcessors (for example: not eligible for auto-proxying)
2018-10-30 08:50:12.994 [main] INFO  o.s.c.s.PostProcessorRegistrationDelegate$BeanPostProcessorChecker [328] - Bean 'mLogoutFilter' of type [class org.apache.shiro.web.filter.authc.LogoutFilter] is not eligible for getting processed by all BeanPostProcessors (for example: not eligible for auto-proxying)
2018-10-30 08:50:13.265 [main] INFO  o.s.c.s.PostProcessorRegistrationDelegate$BeanPostProcessorChecker [328] - Bean 'transactionManager' of type [class org.springframework.orm.jpa.JpaTransactionManager] is not eligible for getting processed by all BeanPostProcessors (for example: not eligible for auto-proxying)
2018-10-30 08:50:13.482 [main] INFO  o.s.o.j.LocalContainerEntityManagerFactoryBean [462] - Closing JPA EntityManagerFactory for persistence unit 'default'
2018-10-30 08:50:13.486 [main] INFO  o.s.s.c.ThreadPoolTaskScheduler [203] - Shutting down ExecutorService 'schedulerPool'
